2022-09-15 06:21:42 error: uncaughtException: Route is not defined
ReferenceError: Route is not defined
    at Object.<anonymous> (D:\__Work\__Others\Acronym\src\routes\acronym.route.ts:11:19)
    at Module._compile (internal/modules/cjs/loader.js:1063:30)
    at Module.m._compile (D:\__Work\__Others\Acronym\node_modules\ts-node\src\index.ts:1618:23)
    at Module._extensions..js (internal/modules/cjs/loader.js:1092:10)
    at Object.require.extensions.<computed> [as .ts] (D:\__Work\__Others\Acronym\node_modules\ts-node\src\index.ts:1621:12)
    at Module.load (internal/modules/cjs/loader.js:928:32)
    at Function.Module._load (internal/modules/cjs/loader.js:769:14)
    at Module.require (internal/modules/cjs/loader.js:952:19)
    at require (internal/modules/cjs/helpers.js:88:18)
    at Object.<anonymous> (D:\__Work\__Others\Acronym\src\server.ts:2:1)
2022-09-15 08:24:13 error: uncaughtException: тип Unable to compile TypeScript:
[96msrc/graphql/resolvers.ts[0m:[93m8[0m:[93m9[0m - [91merror[0m[90m TS1005: [0m':' expected.

[7m8[0m   const readAcronym = async (from: number, limit: number, search: string): Promise<AcronymGroup> => {
[7m [0m [91m        ~~~~~~~~~~~[0m
[96msrc/graphql/resolvers.ts[0m:[93m19[0m:[93m4[0m - [91merror[0m[90m TS1005: [0m',' expected.

[7m19[0m   };
[7m  [0m [91m   ~[0m
[96msrc/graphql/resolvers.ts[0m:[93m21[0m:[93m9[0m - [91merror[0m[90m TS1005: [0m':' expected.

[7m21[0m   const createAcronym = async (acronym: string, description: string) => {
[7m  [0m [91m        ~~~~~~~~~~~~~[0m
[96msrc/graphql/resolvers.ts[0m:[93m32[0m:[93m4[0m - [91merror[0m[90m TS1005: [0m',' expected.

[7m32[0m   };
[7m  [0m [91m   ~[0m
[96msrc/graphql/resolvers.ts[0m:[93m34[0m:[93m9[0m - [91merror[0m[90m TS1005: [0m':' expected.

[7m34[0m   const updateAcronym = async (nowAcronym: string, newAcronym: string, newDescription: string) => {
[7m  [0m [91m        ~~~~~~~~~~~~~[0m
[96msrc/graphql/resolvers.ts[0m:[93m45[0m:[93m4[0m - [91merror[0m[90m TS1005: [0m',' expected.

[7m45[0m   };
[7m  [0m [91m   ~[0m
[96msrc/graphql/resolvers.ts[0m:[93m47[0m:[93m9[0m - [91merror[0m[90m TS1005: [0m':' expected.

[7m47[0m   const deleteAcronym = async (deleteAcronym: string) => {
[7m  [0m [91m        ~~~~~~~~~~~~~[0m
[96msrc/graphql/resolvers.ts[0m:[93m52[0m:[93m4[0m - [91merror[0m[90m TS1005: [0m',' expected.

[7m52[0m   };
[7m  [0m [91m   ~[0m

TSError: тип Unable to compile TypeScript:
[96msrc/graphql/resolvers.ts[0m:[93m8[0m:[93m9[0m - [91merror[0m[90m TS1005: [0m':' expected.

[7m8[0m   const readAcronym = async (from: number, limit: number, search: string): Promise<AcronymGroup> => {
[7m [0m [91m        ~~~~~~~~~~~[0m
[96msrc/graphql/resolvers.ts[0m:[93m19[0m:[93m4[0m - [91merror[0m[90m TS1005: [0m',' expected.

[7m19[0m   };
[7m  [0m [91m   ~[0m
[96msrc/graphql/resolvers.ts[0m:[93m21[0m:[93m9[0m - [91merror[0m[90m TS1005: [0m':' expected.

[7m21[0m   const createAcronym = async (acronym: string, description: string) => {
[7m  [0m [91m        ~~~~~~~~~~~~~[0m
[96msrc/graphql/resolvers.ts[0m:[93m32[0m:[93m4[0m - [91merror[0m[90m TS1005: [0m',' expected.

[7m32[0m   };
[7m  [0m [91m   ~[0m
[96msrc/graphql/resolvers.ts[0m:[93m34[0m:[93m9[0m - [91merror[0m[90m TS1005: [0m':' expected.

[7m34[0m   const updateAcronym = async (nowAcronym: string, newAcronym: string, newDescription: string) => {
[7m  [0m [91m        ~~~~~~~~~~~~~[0m
[96msrc/graphql/resolvers.ts[0m:[93m45[0m:[93m4[0m - [91merror[0m[90m TS1005: [0m',' expected.

[7m45[0m   };
[7m  [0m [91m   ~[0m
[96msrc/graphql/resolvers.ts[0m:[93m47[0m:[93m9[0m - [91merror[0m[90m TS1005: [0m':' expected.

[7m47[0m   const deleteAcronym = async (deleteAcronym: string) => {
[7m  [0m [91m        ~~~~~~~~~~~~~[0m
[96msrc/graphql/resolvers.ts[0m:[93m52[0m:[93m4[0m - [91merror[0m[90m TS1005: [0m',' expected.

[7m52[0m   };
[7m  [0m [91m   ~[0m

    at createTSError (D:\__Work\__Others\Acronym\node_modules\ts-node\src\index.ts:859:12)
    at reportTSError (D:\__Work\__Others\Acronym\node_modules\ts-node\src\index.ts:863:19)
    at D:\__Work\__Others\Acronym\node_modules\ts-node\src\index.ts:1379:34
    at Object.compile (D:\__Work\__Others\Acronym\node_modules\ts-node\src\index.ts:1458:13)
    at Module.m._compile (D:\__Work\__Others\Acronym\node_modules\ts-node\src\index.ts:1617:30)
    at Module._extensions..js (internal/modules/cjs/loader.js:1092:10)
    at Object.require.extensions.<computed> [as .ts] (D:\__Work\__Others\Acronym\node_modules\ts-node\src\index.ts:1621:12)
    at Module.load (internal/modules/cjs/loader.js:928:32)
    at Function.Module._load (internal/modules/cjs/loader.js:769:14)
    at Module.require (internal/modules/cjs/loader.js:952:19)
2022-09-15 08:24:18 error: uncaughtException: тип Unable to compile TypeScript:
[96msrc/graphql/resolvers.ts[0m:[93m18[0m:[93m4[0m - [91merror[0m[90m TS1005: [0m',' expected.

[7m18[0m   };
[7m  [0m [91m   ~[0m
[96msrc/graphql/resolvers.ts[0m:[93m20[0m:[93m9[0m - [91merror[0m[90m TS1005: [0m':' expected.

[7m20[0m   const createAcronym = async (acronym: string, description: string) => {
[7m  [0m [91m        ~~~~~~~~~~~~~[0m
[96msrc/graphql/resolvers.ts[0m:[93m31[0m:[93m4[0m - [91merror[0m[90m TS1005: [0m',' expected.

[7m31[0m   };
[7m  [0m [91m   ~[0m
[96msrc/graphql/resolvers.ts[0m:[93m33[0m:[93m9[0m - [91merror[0m[90m TS1005: [0m':' expected.

[7m33[0m   const updateAcronym = async (nowAcronym: string, newAcronym: string, newDescription: string) => {
[7m  [0m [91m        ~~~~~~~~~~~~~[0m
[96msrc/graphql/resolvers.ts[0m:[93m44[0m:[93m4[0m - [91merror[0m[90m TS1005: [0m',' expected.

[7m44[0m   };
[7m  [0m [91m   ~[0m
[96msrc/graphql/resolvers.ts[0m:[93m46[0m:[93m9[0m - [91merror[0m[90m TS1005: [0m':' expected.

[7m46[0m   const deleteAcronym = async (deleteAcronym: string) => {
[7m  [0m [91m        ~~~~~~~~~~~~~[0m
[96msrc/graphql/resolvers.ts[0m:[93m51[0m:[93m4[0m - [91merror[0m[90m TS1005: [0m',' expected.

[7m51[0m   };
[7m  [0m [91m   ~[0m

TSError: тип Unable to compile TypeScript:
[96msrc/graphql/resolvers.ts[0m:[93m18[0m:[93m4[0m - [91merror[0m[90m TS1005: [0m',' expected.

[7m18[0m   };
[7m  [0m [91m   ~[0m
[96msrc/graphql/resolvers.ts[0m:[93m20[0m:[93m9[0m - [91merror[0m[90m TS1005: [0m':' expected.

[7m20[0m   const createAcronym = async (acronym: string, description: string) => {
[7m  [0m [91m        ~~~~~~~~~~~~~[0m
[96msrc/graphql/resolvers.ts[0m:[93m31[0m:[93m4[0m - [91merror[0m[90m TS1005: [0m',' expected.

[7m31[0m   };
[7m  [0m [91m   ~[0m
[96msrc/graphql/resolvers.ts[0m:[93m33[0m:[93m9[0m - [91merror[0m[90m TS1005: [0m':' expected.

[7m33[0m   const updateAcronym = async (nowAcronym: string, newAcronym: string, newDescription: string) => {
[7m  [0m [91m        ~~~~~~~~~~~~~[0m
[96msrc/graphql/resolvers.ts[0m:[93m44[0m:[93m4[0m - [91merror[0m[90m TS1005: [0m',' expected.

[7m44[0m   };
[7m  [0m [91m   ~[0m
[96msrc/graphql/resolvers.ts[0m:[93m46[0m:[93m9[0m - [91merror[0m[90m TS1005: [0m':' expected.

[7m46[0m   const deleteAcronym = async (deleteAcronym: string) => {
[7m  [0m [91m        ~~~~~~~~~~~~~[0m
[96msrc/graphql/resolvers.ts[0m:[93m51[0m:[93m4[0m - [91merror[0m[90m TS1005: [0m',' expected.

[7m51[0m   };
[7m  [0m [91m   ~[0m

    at createTSError (D:\__Work\__Others\Acronym\node_modules\ts-node\src\index.ts:859:12)
    at reportTSError (D:\__Work\__Others\Acronym\node_modules\ts-node\src\index.ts:863:19)
    at D:\__Work\__Others\Acronym\node_modules\ts-node\src\index.ts:1379:34
    at Object.compile (D:\__Work\__Others\Acronym\node_modules\ts-node\src\index.ts:1458:13)
    at Module.m._compile (D:\__Work\__Others\Acronym\node_modules\ts-node\src\index.ts:1617:30)
    at Module._extensions..js (internal/modules/cjs/loader.js:1092:10)
    at Object.require.extensions.<computed> [as .ts] (D:\__Work\__Others\Acronym\node_modules\ts-node\src\index.ts:1621:12)
    at Module.load (internal/modules/cjs/loader.js:928:32)
    at Function.Module._load (internal/modules/cjs/loader.js:769:14)
    at Module.require (internal/modules/cjs/loader.js:952:19)
2022-09-15 08:24:28 error: uncaughtException: тип Unable to compile TypeScript:
[96msrc/graphql/resolvers.ts[0m:[93m18[0m:[93m4[0m - [91merror[0m[90m TS1005: [0m',' expected.

[7m18[0m   };
[7m  [0m [91m   ~[0m
[96msrc/graphql/resolvers.ts[0m:[93m31[0m:[93m4[0m - [91merror[0m[90m TS1005: [0m',' expected.

[7m31[0m   };
[7m  [0m [91m   ~[0m
[96msrc/graphql/resolvers.ts[0m:[93m33[0m:[93m9[0m - [91merror[0m[90m TS1005: [0m':' expected.

[7m33[0m   const updateAcronym = async (nowAcronym: string, newAcronym: string, newDescription: string) => {
[7m  [0m [91m        ~~~~~~~~~~~~~[0m
[96msrc/graphql/resolvers.ts[0m:[93m44[0m:[93m4[0m - [91merror[0m[90m TS1005: [0m',' expected.

[7m44[0m   };
[7m  [0m [91m   ~[0m
[96msrc/graphql/resolvers.ts[0m:[93m46[0m:[93m9[0m - [91merror[0m[90m TS1005: [0m':' expected.

[7m46[0m   const deleteAcronym = async (deleteAcronym: string) => {
[7m  [0m [91m        ~~~~~~~~~~~~~[0m
[96msrc/graphql/resolvers.ts[0m:[93m51[0m:[93m4[0m - [91merror[0m[90m TS1005: [0m',' expected.

[7m51[0m   };
[7m  [0m [91m   ~[0m

TSError: тип Unable to compile TypeScript:
[96msrc/graphql/resolvers.ts[0m:[93m18[0m:[93m4[0m - [91merror[0m[90m TS1005: [0m',' expected.

[7m18[0m   };
[7m  [0m [91m   ~[0m
[96msrc/graphql/resolvers.ts[0m:[93m31[0m:[93m4[0m - [91merror[0m[90m TS1005: [0m',' expected.

[7m31[0m   };
[7m  [0m [91m   ~[0m
[96msrc/graphql/resolvers.ts[0m:[93m33[0m:[93m9[0m - [91merror[0m[90m TS1005: [0m':' expected.

[7m33[0m   const updateAcronym = async (nowAcronym: string, newAcronym: string, newDescription: string) => {
[7m  [0m [91m        ~~~~~~~~~~~~~[0m
[96msrc/graphql/resolvers.ts[0m:[93m44[0m:[93m4[0m - [91merror[0m[90m TS1005: [0m',' expected.

[7m44[0m   };
[7m  [0m [91m   ~[0m
[96msrc/graphql/resolvers.ts[0m:[93m46[0m:[93m9[0m - [91merror[0m[90m TS1005: [0m':' expected.

[7m46[0m   const deleteAcronym = async (deleteAcronym: string) => {
[7m  [0m [91m        ~~~~~~~~~~~~~[0m
[96msrc/graphql/resolvers.ts[0m:[93m51[0m:[93m4[0m - [91merror[0m[90m TS1005: [0m',' expected.

[7m51[0m   };
[7m  [0m [91m   ~[0m

    at createTSError (D:\__Work\__Others\Acronym\node_modules\ts-node\src\index.ts:859:12)
    at reportTSError (D:\__Work\__Others\Acronym\node_modules\ts-node\src\index.ts:863:19)
    at D:\__Work\__Others\Acronym\node_modules\ts-node\src\index.ts:1379:34
    at Object.compile (D:\__Work\__Others\Acronym\node_modules\ts-node\src\index.ts:1458:13)
    at Module.m._compile (D:\__Work\__Others\Acronym\node_modules\ts-node\src\index.ts:1617:30)
    at Module._extensions..js (internal/modules/cjs/loader.js:1092:10)
    at Object.require.extensions.<computed> [as .ts] (D:\__Work\__Others\Acronym\node_modules\ts-node\src\index.ts:1621:12)
    at Module.load (internal/modules/cjs/loader.js:928:32)
    at Function.Module._load (internal/modules/cjs/loader.js:769:14)
    at Module.require (internal/modules/cjs/loader.js:952:19)
2022-09-15 08:24:33 error: uncaughtException: тип Unable to compile TypeScript:
[96msrc/graphql/resolvers.ts[0m:[93m18[0m:[93m4[0m - [91merror[0m[90m TS1005: [0m',' expected.

[7m18[0m   };
[7m  [0m [91m   ~[0m
[96msrc/graphql/resolvers.ts[0m:[93m31[0m:[93m4[0m - [91merror[0m[90m TS1005: [0m',' expected.

[7m31[0m   };
[7m  [0m [91m   ~[0m
[96msrc/graphql/resolvers.ts[0m:[93m44[0m:[93m4[0m - [91merror[0m[90m TS1005: [0m',' expected.

[7m44[0m   };
[7m  [0m [91m   ~[0m
[96msrc/graphql/resolvers.ts[0m:[93m46[0m:[93m9[0m - [91merror[0m[90m TS1005: [0m':' expected.

[7m46[0m   const deleteAcronym = async (deleteAcronym: string) => {
[7m  [0m [91m        ~~~~~~~~~~~~~[0m
[96msrc/graphql/resolvers.ts[0m:[93m51[0m:[93m4[0m - [91merror[0m[90m TS1005: [0m',' expected.

[7m51[0m   };
[7m  [0m [91m   ~[0m

TSError: тип Unable to compile TypeScript:
[96msrc/graphql/resolvers.ts[0m:[93m18[0m:[93m4[0m - [91merror[0m[90m TS1005: [0m',' expected.

[7m18[0m   };
[7m  [0m [91m   ~[0m
[96msrc/graphql/resolvers.ts[0m:[93m31[0m:[93m4[0m - [91merror[0m[90m TS1005: [0m',' expected.

[7m31[0m   };
[7m  [0m [91m   ~[0m
[96msrc/graphql/resolvers.ts[0m:[93m44[0m:[93m4[0m - [91merror[0m[90m TS1005: [0m',' expected.

[7m44[0m   };
[7m  [0m [91m   ~[0m
[96msrc/graphql/resolvers.ts[0m:[93m46[0m:[93m9[0m - [91merror[0m[90m TS1005: [0m':' expected.

[7m46[0m   const deleteAcronym = async (deleteAcronym: string) => {
[7m  [0m [91m        ~~~~~~~~~~~~~[0m
[96msrc/graphql/resolvers.ts[0m:[93m51[0m:[93m4[0m - [91merror[0m[90m TS1005: [0m',' expected.

[7m51[0m   };
[7m  [0m [91m   ~[0m

    at createTSError (D:\__Work\__Others\Acronym\node_modules\ts-node\src\index.ts:859:12)
    at reportTSError (D:\__Work\__Others\Acronym\node_modules\ts-node\src\index.ts:863:19)
    at D:\__Work\__Others\Acronym\node_modules\ts-node\src\index.ts:1379:34
    at Object.compile (D:\__Work\__Others\Acronym\node_modules\ts-node\src\index.ts:1458:13)
    at Module.m._compile (D:\__Work\__Others\Acronym\node_modules\ts-node\src\index.ts:1617:30)
    at Module._extensions..js (internal/modules/cjs/loader.js:1092:10)
    at Object.require.extensions.<computed> [as .ts] (D:\__Work\__Others\Acronym\node_modules\ts-node\src\index.ts:1621:12)
    at Module.load (internal/modules/cjs/loader.js:928:32)
    at Function.Module._load (internal/modules/cjs/loader.js:769:14)
    at Module.require (internal/modules/cjs/loader.js:952:19)
2022-09-15 08:24:35 error: uncaughtException: тип Unable to compile TypeScript:
[96msrc/graphql/resolvers.ts[0m:[93m18[0m:[93m4[0m - [91merror[0m[90m TS1005: [0m',' expected.

[7m18[0m   };
[7m  [0m [91m   ~[0m
[96msrc/graphql/resolvers.ts[0m:[93m31[0m:[93m4[0m - [91merror[0m[90m TS1005: [0m',' expected.

[7m31[0m   };
[7m  [0m [91m   ~[0m
[96msrc/graphql/resolvers.ts[0m:[93m44[0m:[93m4[0m - [91merror[0m[90m TS1005: [0m',' expected.

[7m44[0m   };
[7m  [0m [91m   ~[0m
[96msrc/graphql/resolvers.ts[0m:[93m51[0m:[93m4[0m - [91merror[0m[90m TS1005: [0m',' expected.

[7m51[0m   };
[7m  [0m [91m   ~[0m

TSError: тип Unable to compile TypeScript:
[96msrc/graphql/resolvers.ts[0m:[93m18[0m:[93m4[0m - [91merror[0m[90m TS1005: [0m',' expected.

[7m18[0m   };
[7m  [0m [91m   ~[0m
[96msrc/graphql/resolvers.ts[0m:[93m31[0m:[93m4[0m - [91merror[0m[90m TS1005: [0m',' expected.

[7m31[0m   };
[7m  [0m [91m   ~[0m
[96msrc/graphql/resolvers.ts[0m:[93m44[0m:[93m4[0m - [91merror[0m[90m TS1005: [0m',' expected.

[7m44[0m   };
[7m  [0m [91m   ~[0m
[96msrc/graphql/resolvers.ts[0m:[93m51[0m:[93m4[0m - [91merror[0m[90m TS1005: [0m',' expected.

[7m51[0m   };
[7m  [0m [91m   ~[0m

    at createTSError (D:\__Work\__Others\Acronym\node_modules\ts-node\src\index.ts:859:12)
    at reportTSError (D:\__Work\__Others\Acronym\node_modules\ts-node\src\index.ts:863:19)
    at D:\__Work\__Others\Acronym\node_modules\ts-node\src\index.ts:1379:34
    at Object.compile (D:\__Work\__Others\Acronym\node_modules\ts-node\src\index.ts:1458:13)
    at Module.m._compile (D:\__Work\__Others\Acronym\node_modules\ts-node\src\index.ts:1617:30)
    at Module._extensions..js (internal/modules/cjs/loader.js:1092:10)
    at Object.require.extensions.<computed> [as .ts] (D:\__Work\__Others\Acronym\node_modules\ts-node\src\index.ts:1621:12)
    at Module.load (internal/modules/cjs/loader.js:928:32)
    at Function.Module._load (internal/modules/cjs/loader.js:769:14)
    at Module.require (internal/modules/cjs/loader.js:952:19)
2022-09-15 08:24:42 error: uncaughtException: тип Unable to compile TypeScript:
[96msrc/graphql/resolvers.ts[0m:[93m18[0m:[93m4[0m - [91merror[0m[90m TS1005: [0m',' expected.

[7m18[0m   };
[7m  [0m [91m   ~[0m
[96msrc/graphql/resolvers.ts[0m:[93m31[0m:[93m4[0m - [91merror[0m[90m TS1005: [0m',' expected.

[7m31[0m   };
[7m  [0m [91m   ~[0m
[96msrc/graphql/resolvers.ts[0m:[93m44[0m:[93m4[0m - [91merror[0m[90m TS1005: [0m',' expected.

[7m44[0m   };
[7m  [0m [91m   ~[0m
[96msrc/graphql/resolvers.ts[0m:[93m51[0m:[93m4[0m - [91merror[0m[90m TS1005: [0m',' expected.

[7m51[0m   };
[7m  [0m [91m   ~[0m

TSError: тип Unable to compile TypeScript:
[96msrc/graphql/resolvers.ts[0m:[93m18[0m:[93m4[0m - [91merror[0m[90m TS1005: [0m',' expected.

[7m18[0m   };
[7m  [0m [91m   ~[0m
[96msrc/graphql/resolvers.ts[0m:[93m31[0m:[93m4[0m - [91merror[0m[90m TS1005: [0m',' expected.

[7m31[0m   };
[7m  [0m [91m   ~[0m
[96msrc/graphql/resolvers.ts[0m:[93m44[0m:[93m4[0m - [91merror[0m[90m TS1005: [0m',' expected.

[7m44[0m   };
[7m  [0m [91m   ~[0m
[96msrc/graphql/resolvers.ts[0m:[93m51[0m:[93m4[0m - [91merror[0m[90m TS1005: [0m',' expected.

[7m51[0m   };
[7m  [0m [91m   ~[0m

    at createTSError (D:\__Work\__Others\Acronym\node_modules\ts-node\src\index.ts:859:12)
    at reportTSError (D:\__Work\__Others\Acronym\node_modules\ts-node\src\index.ts:863:19)
    at D:\__Work\__Others\Acronym\node_modules\ts-node\src\index.ts:1379:34
    at Object.compile (D:\__Work\__Others\Acronym\node_modules\ts-node\src\index.ts:1458:13)
    at Module.m._compile (D:\__Work\__Others\Acronym\node_modules\ts-node\src\index.ts:1617:30)
    at Module._extensions..js (internal/modules/cjs/loader.js:1092:10)
    at Object.require.extensions.<computed> [as .ts] (D:\__Work\__Others\Acronym\node_modules\ts-node\src\index.ts:1621:12)
    at Module.load (internal/modules/cjs/loader.js:928:32)
    at Function.Module._load (internal/modules/cjs/loader.js:769:14)
    at Module.require (internal/modules/cjs/loader.js:952:19)
2022-09-15 08:24:49 error: uncaughtException: тип Unable to compile TypeScript:
[96msrc/graphql/resolvers.ts[0m:[93m18[0m:[93m4[0m - [91merror[0m[90m TS1005: [0m',' expected.

[7m18[0m   };
[7m  [0m [91m   ~[0m
[96msrc/graphql/resolvers.ts[0m:[93m31[0m:[93m4[0m - [91merror[0m[90m TS1005: [0m',' expected.

[7m31[0m   };
[7m  [0m [91m   ~[0m
[96msrc/graphql/resolvers.ts[0m:[93m44[0m:[93m4[0m - [91merror[0m[90m TS1005: [0m',' expected.

[7m44[0m   };
[7m  [0m [91m   ~[0m
[96msrc/graphql/resolvers.ts[0m:[93m51[0m:[93m4[0m - [91merror[0m[90m TS1005: [0m',' expected.

[7m51[0m   };
[7m  [0m [91m   ~[0m

TSError: тип Unable to compile TypeScript:
[96msrc/graphql/resolvers.ts[0m:[93m18[0m:[93m4[0m - [91merror[0m[90m TS1005: [0m',' expected.

[7m18[0m   };
[7m  [0m [91m   ~[0m
[96msrc/graphql/resolvers.ts[0m:[93m31[0m:[93m4[0m - [91merror[0m[90m TS1005: [0m',' expected.

[7m31[0m   };
[7m  [0m [91m   ~[0m
[96msrc/graphql/resolvers.ts[0m:[93m44[0m:[93m4[0m - [91merror[0m[90m TS1005: [0m',' expected.

[7m44[0m   };
[7m  [0m [91m   ~[0m
[96msrc/graphql/resolvers.ts[0m:[93m51[0m:[93m4[0m - [91merror[0m[90m TS1005: [0m',' expected.

[7m51[0m   };
[7m  [0m [91m   ~[0m

    at createTSError (D:\__Work\__Others\Acronym\node_modules\ts-node\src\index.ts:859:12)
    at reportTSError (D:\__Work\__Others\Acronym\node_modules\ts-node\src\index.ts:863:19)
    at D:\__Work\__Others\Acronym\node_modules\ts-node\src\index.ts:1379:34
    at Object.compile (D:\__Work\__Others\Acronym\node_modules\ts-node\src\index.ts:1458:13)
    at Module.m._compile (D:\__Work\__Others\Acronym\node_modules\ts-node\src\index.ts:1617:30)
    at Module._extensions..js (internal/modules/cjs/loader.js:1092:10)
    at Object.require.extensions.<computed> [as .ts] (D:\__Work\__Others\Acronym\node_modules\ts-node\src\index.ts:1621:12)
    at Module.load (internal/modules/cjs/loader.js:928:32)
    at Function.Module._load (internal/modules/cjs/loader.js:769:14)
    at Module.require (internal/modules/cjs/loader.js:952:19)
2022-09-15 09:50:32 error: uncaughtException: Duplicate parameter name not allowed in this context
D:\__Work\__Others\Acronym\src\graphql\resolvers.ts:8
    readAcronym: async ({ from: number, limit: number, search: string }) => {
                                               ^

SyntaxError: Duplicate parameter name not allowed in this context
    at wrapSafe (internal/modules/cjs/loader.js:979:16)
    at Module._compile (internal/modules/cjs/loader.js:1027:27)
    at Module.m._compile (D:\__Work\__Others\Acronym\node_modules\ts-node\src\index.ts:1618:23)
    at Module._extensions..js (internal/modules/cjs/loader.js:1092:10)
    at Object.require.extensions.<computed> [as .ts] (D:\__Work\__Others\Acronym\node_modules\ts-node\src\index.ts:1621:12)
    at Module.load (internal/modules/cjs/loader.js:928:32)
    at Function.Module._load (internal/modules/cjs/loader.js:769:14)
    at Module.require (internal/modules/cjs/loader.js:952:19)
    at require (internal/modules/cjs/helpers.js:88:18)
    at Object.<anonymous> (D:\__Work\__Others\Acronym\src\app.ts:20:1)
2022-09-15 09:50:35 error: uncaughtException: Duplicate parameter name not allowed in this context
D:\__Work\__Others\Acronym\src\graphql\resolvers.ts:8
    readAcronym: async ({ from: number, limit: number, search: string }) => {
                                               ^

SyntaxError: Duplicate parameter name not allowed in this context
    at wrapSafe (internal/modules/cjs/loader.js:979:16)
    at Module._compile (internal/modules/cjs/loader.js:1027:27)
    at Module.m._compile (D:\__Work\__Others\Acronym\node_modules\ts-node\src\index.ts:1618:23)
    at Module._extensions..js (internal/modules/cjs/loader.js:1092:10)
    at Object.require.extensions.<computed> [as .ts] (D:\__Work\__Others\Acronym\node_modules\ts-node\src\index.ts:1621:12)
    at Module.load (internal/modules/cjs/loader.js:928:32)
    at Function.Module._load (internal/modules/cjs/loader.js:769:14)
    at Module.require (internal/modules/cjs/loader.js:952:19)
    at require (internal/modules/cjs/helpers.js:88:18)
    at Object.<anonymous> (D:\__Work\__Others\Acronym\src\app.ts:20:1)
2022-09-15 09:50:43 error: uncaughtException: Duplicate parameter name not allowed in this context
D:\__Work\__Others\Acronym\src\graphql\resolvers.ts:8
    readAcronym: async ({ from: number, limit: number, search: string }, context) => {
                                               ^

SyntaxError: Duplicate parameter name not allowed in this context
    at wrapSafe (internal/modules/cjs/loader.js:979:16)
    at Module._compile (internal/modules/cjs/loader.js:1027:27)
    at Module.m._compile (D:\__Work\__Others\Acronym\node_modules\ts-node\src\index.ts:1618:23)
    at Module._extensions..js (internal/modules/cjs/loader.js:1092:10)
    at Object.require.extensions.<computed> [as .ts] (D:\__Work\__Others\Acronym\node_modules\ts-node\src\index.ts:1621:12)
    at Module.load (internal/modules/cjs/loader.js:928:32)
    at Function.Module._load (internal/modules/cjs/loader.js:769:14)
    at Module.require (internal/modules/cjs/loader.js:952:19)
    at require (internal/modules/cjs/helpers.js:88:18)
    at Object.<anonymous> (D:\__Work\__Others\Acronym\src\app.ts:20:1)
2022-09-15 09:51:41 error: uncaughtException: Duplicate parameter name not allowed in this context
D:\__Work\__Others\Acronym\src\graphql\resolvers.ts:8
    readAcronym: async ({ from: number, limit: number, search }) => {
                                               ^

SyntaxError: Duplicate parameter name not allowed in this context
    at wrapSafe (internal/modules/cjs/loader.js:979:16)
    at Module._compile (internal/modules/cjs/loader.js:1027:27)
    at Module.m._compile (D:\__Work\__Others\Acronym\node_modules\ts-node\src\index.ts:1618:23)
    at Module._extensions..js (internal/modules/cjs/loader.js:1092:10)
    at Object.require.extensions.<computed> [as .ts] (D:\__Work\__Others\Acronym\node_modules\ts-node\src\index.ts:1621:12)
    at Module.load (internal/modules/cjs/loader.js:928:32)
    at Function.Module._load (internal/modules/cjs/loader.js:769:14)
    at Module.require (internal/modules/cjs/loader.js:952:19)
    at require (internal/modules/cjs/helpers.js:88:18)
    at Object.<anonymous> (D:\__Work\__Others\Acronym\src\app.ts:20:1)
2022-09-15 09:51:43 error: uncaughtException: Duplicate parameter name not allowed in this context
D:\__Work\__Others\Acronym\src\graphql\resolvers.ts:8
    readAcronym: async ({ from: number, limit: number, search: number }) => {
                                               ^

SyntaxError: Duplicate parameter name not allowed in this context
    at wrapSafe (internal/modules/cjs/loader.js:979:16)
    at Module._compile (internal/modules/cjs/loader.js:1027:27)
    at Module.m._compile (D:\__Work\__Others\Acronym\node_modules\ts-node\src\index.ts:1618:23)
    at Module._extensions..js (internal/modules/cjs/loader.js:1092:10)
    at Object.require.extensions.<computed> [as .ts] (D:\__Work\__Others\Acronym\node_modules\ts-node\src\index.ts:1621:12)
    at Module.load (internal/modules/cjs/loader.js:928:32)
    at Function.Module._load (internal/modules/cjs/loader.js:769:14)
    at Module.require (internal/modules/cjs/loader.js:952:19)
    at require (internal/modules/cjs/helpers.js:88:18)
    at Object.<anonymous> (D:\__Work\__Others\Acronym\src\app.ts:20:1)
2022-09-15 09:51:53 error: uncaughtException: Duplicate parameter name not allowed in this context
D:\__Work\__Others\Acronym\src\graphql\resolvers.ts:8
    readAcronym: async ({ from: any, limit: number, search: number }) => {
                                                            ^

SyntaxError: Duplicate parameter name not allowed in this context
    at wrapSafe (internal/modules/cjs/loader.js:979:16)
    at Module._compile (internal/modules/cjs/loader.js:1027:27)
    at Module.m._compile (D:\__Work\__Others\Acronym\node_modules\ts-node\src\index.ts:1618:23)
    at Module._extensions..js (internal/modules/cjs/loader.js:1092:10)
    at Object.require.extensions.<computed> [as .ts] (D:\__Work\__Others\Acronym\node_modules\ts-node\src\index.ts:1621:12)
    at Module.load (internal/modules/cjs/loader.js:928:32)
    at Function.Module._load (internal/modules/cjs/loader.js:769:14)
    at Module.require (internal/modules/cjs/loader.js:952:19)
    at require (internal/modules/cjs/helpers.js:88:18)
    at Object.<anonymous> (D:\__Work\__Others\Acronym\src\app.ts:20:1)
2022-09-15 09:51:56 error: uncaughtException: Duplicate parameter name not allowed in this context
D:\__Work\__Others\Acronym\src\graphql\resolvers.ts:8
    readAcronym: async ({ from: any, limit: any, search: any }) => {
                                            ^

SyntaxError: Duplicate parameter name not allowed in this context
    at wrapSafe (internal/modules/cjs/loader.js:979:16)
    at Module._compile (internal/modules/cjs/loader.js:1027:27)
    at Module.m._compile (D:\__Work\__Others\Acronym\node_modules\ts-node\src\index.ts:1618:23)
    at Module._extensions..js (internal/modules/cjs/loader.js:1092:10)
    at Object.require.extensions.<computed> [as .ts] (D:\__Work\__Others\Acronym\node_modules\ts-node\src\index.ts:1621:12)
    at Module.load (internal/modules/cjs/loader.js:928:32)
    at Function.Module._load (internal/modules/cjs/loader.js:769:14)
    at Module.require (internal/modules/cjs/loader.js:952:19)
    at require (internal/modules/cjs/helpers.js:88:18)
    at Object.<anonymous> (D:\__Work\__Others\Acronym\src\app.ts:20:1)
2022-09-15 09:53:06 error: uncaughtException: тип Unable to compile TypeScript:
[96msrc/graphql/resolvers.ts[0m:[93m20[0m:[93m27[0m - [91merror[0m[90m TS1005: [0m',' expected.

[7m20[0m   createAcronym: async ({}acronym, description) => {
[7m  [0m [91m                          ~~~~~~~[0m

TSError: тип Unable to compile TypeScript:
[96msrc/graphql/resolvers.ts[0m:[93m20[0m:[93m27[0m - [91merror[0m[90m TS1005: [0m',' expected.

[7m20[0m   createAcronym: async ({}acronym, description) => {
[7m  [0m [91m                          ~~~~~~~[0m

    at createTSError (D:\__Work\__Others\Acronym\node_modules\ts-node\src\index.ts:859:12)
    at reportTSError (D:\__Work\__Others\Acronym\node_modules\ts-node\src\index.ts:863:19)
    at D:\__Work\__Others\Acronym\node_modules\ts-node\src\index.ts:1379:34
    at Object.compile (D:\__Work\__Others\Acronym\node_modules\ts-node\src\index.ts:1458:13)
    at Module.m._compile (D:\__Work\__Others\Acronym\node_modules\ts-node\src\index.ts:1617:30)
    at Module._extensions..js (internal/modules/cjs/loader.js:1092:10)
    at Object.require.extensions.<computed> [as .ts] (D:\__Work\__Others\Acronym\node_modules\ts-node\src\index.ts:1621:12)
    at Module.load (internal/modules/cjs/loader.js:928:32)
    at Function.Module._load (internal/modules/cjs/loader.js:769:14)
    at Module.require (internal/modules/cjs/loader.js:952:19)
2022-09-15 09:53:24 error: uncaughtException: Duplicate parameter name not allowed in this context
D:\__Work\__Others\Acronym\src\graphql\resolvers.ts:32
    updateAcronym: async ({ nowAcronym: string, newAcronym: string, newDescription: string }) => {
                                                            ^

SyntaxError: Duplicate parameter name not allowed in this context
    at wrapSafe (internal/modules/cjs/loader.js:979:16)
    at Module._compile (internal/modules/cjs/loader.js:1027:27)
    at Module.m._compile (D:\__Work\__Others\Acronym\node_modules\ts-node\src\index.ts:1618:23)
    at Module._extensions..js (internal/modules/cjs/loader.js:1092:10)
    at Object.require.extensions.<computed> [as .ts] (D:\__Work\__Others\Acronym\node_modules\ts-node\src\index.ts:1621:12)
    at Module.load (internal/modules/cjs/loader.js:928:32)
    at Function.Module._load (internal/modules/cjs/loader.js:769:14)
    at Module.require (internal/modules/cjs/loader.js:952:19)
    at require (internal/modules/cjs/helpers.js:88:18)
    at Object.<anonymous> (D:\__Work\__Others\Acronym\src\app.ts:20:1)
2022-09-15 12:00:19 error: uncaughtException: listen EADDRINUSE: address already in use :::3000
Error: listen EADDRINUSE: address already in use :::3000
    at Server.setupListenHandle [as _listen2] (net.js:1318:16)
    at listenInCluster (net.js:1366:12)
    at Server.listen (net.js:1452:7)
    at Function.listen (D:\__Work\__Others\Acronym\node_modules\express\lib\application.js:635:24)
    at App.listen (D:\__Work\__Others\Acronym\src\app.ts:73:14)
    at Object.<anonymous> (D:\__Work\__Others\Acronym\src\server.ts:9:5)
    at Module._compile (internal/modules/cjs/loader.js:1063:30)
    at Module.m._compile (D:\__Work\__Others\Acronym\node_modules\ts-node\src\index.ts:1618:23)
    at Module._extensions..js (internal/modules/cjs/loader.js:1092:10)
    at Object.require.extensions.<computed> [as .ts] (D:\__Work\__Others\Acronym\node_modules\ts-node\src\index.ts:1621:12)
2022-09-15 12:00:44 error: uncaughtException: listen EADDRINUSE: address already in use :::3000
Error: listen EADDRINUSE: address already in use :::3000
    at Server.setupListenHandle [as _listen2] (net.js:1318:16)
    at listenInCluster (net.js:1366:12)
    at Server.listen (net.js:1452:7)
    at Function.listen (D:\__Work\__Others\Acronym\node_modules\express\lib\application.js:635:24)
    at App.listen (D:\__Work\__Others\Acronym\src\app.ts:73:14)
    at Object.<anonymous> (D:\__Work\__Others\Acronym\src\server.ts:9:5)
    at Module._compile (internal/modules/cjs/loader.js:1063:30)
    at Module.m._compile (D:\__Work\__Others\Acronym\node_modules\ts-node\src\index.ts:1618:23)
    at Module._extensions..js (internal/modules/cjs/loader.js:1092:10)
    at Object.require.extensions.<computed> [as .ts] (D:\__Work\__Others\Acronym\node_modules\ts-node\src\index.ts:1621:12)
2022-09-15 12:01:41 error: uncaughtException: listen EADDRINUSE: address already in use :::3000
Error: listen EADDRINUSE: address already in use :::3000
    at Server.setupListenHandle [as _listen2] (net.js:1318:16)
    at listenInCluster (net.js:1366:12)
    at Server.listen (net.js:1452:7)
    at Function.listen (D:\__Work\__Others\Acronym\node_modules\express\lib\application.js:635:24)
    at App.listen (D:\__Work\__Others\Acronym\src\app.ts:73:14)
    at Object.<anonymous> (D:\__Work\__Others\Acronym\src\server.ts:9:5)
    at Module._compile (internal/modules/cjs/loader.js:1063:30)
    at Module.m._compile (D:\__Work\__Others\Acronym\node_modules\ts-node\src\index.ts:1618:23)
    at Module._extensions..js (internal/modules/cjs/loader.js:1092:10)
    at Object.require.extensions.<computed> [as .ts] (D:\__Work\__Others\Acronym\node_modules\ts-node\src\index.ts:1621:12)
2022-09-15 12:12:42 error: uncaughtException: listen EADDRINUSE: address already in use :::3000
Error: listen EADDRINUSE: address already in use :::3000
    at Server.setupListenHandle [as _listen2] (net.js:1318:16)
    at listenInCluster (net.js:1366:12)
    at Server.listen (net.js:1452:7)
    at Function.listen (D:\__Work\__Others\Acronym\node_modules\express\lib\application.js:635:24)
    at App.listen (D:\__Work\__Others\Acronym\src\app.ts:73:14)
    at Object.<anonymous> (D:\__Work\__Others\Acronym\src\server.ts:9:5)
    at Module._compile (internal/modules/cjs/loader.js:1063:30)
    at Module.m._compile (D:\__Work\__Others\Acronym\node_modules\ts-node\src\index.ts:1618:23)
    at Module._extensions..js (internal/modules/cjs/loader.js:1092:10)
    at Object.require.extensions.<computed> [as .ts] (D:\__Work\__Others\Acronym\node_modules\ts-node\src\index.ts:1621:12)
2022-09-15 12:13:03 error: uncaughtException: listen EADDRINUSE: address already in use :::3000
Error: listen EADDRINUSE: address already in use :::3000
    at Server.setupListenHandle [as _listen2] (net.js:1318:16)
    at listenInCluster (net.js:1366:12)
    at Server.listen (net.js:1452:7)
    at Function.listen (D:\__Work\__Others\Acronym\node_modules\express\lib\application.js:635:24)
    at App.listen (D:\__Work\__Others\Acronym\src\app.ts:73:14)
    at Object.<anonymous> (D:\__Work\__Others\Acronym\src\server.ts:9:5)
    at Module._compile (internal/modules/cjs/loader.js:1063:30)
    at Module.m._compile (D:\__Work\__Others\Acronym\node_modules\ts-node\src\index.ts:1618:23)
    at Module._extensions..js (internal/modules/cjs/loader.js:1092:10)
    at Object.require.extensions.<computed> [as .ts] (D:\__Work\__Others\Acronym\node_modules\ts-node\src\index.ts:1621:12)
2022-09-15 12:13:19 error: uncaughtException: listen EADDRINUSE: address already in use :::3000
Error: listen EADDRINUSE: address already in use :::3000
    at Server.setupListenHandle [as _listen2] (net.js:1318:16)
    at listenInCluster (net.js:1366:12)
    at Server.listen (net.js:1452:7)
    at Function.listen (D:\__Work\__Others\Acronym\node_modules\express\lib\application.js:635:24)
    at App.listen (D:\__Work\__Others\Acronym\src\app.ts:73:14)
    at Object.<anonymous> (D:\__Work\__Others\Acronym\src\server.ts:9:5)
    at Module._compile (internal/modules/cjs/loader.js:1063:30)
    at Module.m._compile (D:\__Work\__Others\Acronym\node_modules\ts-node\src\index.ts:1618:23)
    at Module._extensions..js (internal/modules/cjs/loader.js:1092:10)
    at Object.require.extensions.<computed> [as .ts] (D:\__Work\__Others\Acronym\node_modules\ts-node\src\index.ts:1621:12)
2022-09-15 12:13:47 error: uncaughtException: listen EADDRINUSE: address already in use :::3000
Error: listen EADDRINUSE: address already in use :::3000
    at Server.setupListenHandle [as _listen2] (net.js:1318:16)
    at listenInCluster (net.js:1366:12)
    at Server.listen (net.js:1452:7)
    at Function.listen (D:\__Work\__Others\Acronym\node_modules\express\lib\application.js:635:24)
    at App.listen (D:\__Work\__Others\Acronym\src\app.ts:73:14)
    at Object.<anonymous> (D:\__Work\__Others\Acronym\src\server.ts:9:5)
    at Module._compile (internal/modules/cjs/loader.js:1063:30)
    at Module.m._compile (D:\__Work\__Others\Acronym\node_modules\ts-node\src\index.ts:1618:23)
    at Module._extensions..js (internal/modules/cjs/loader.js:1092:10)
    at Object.require.extensions.<computed> [as .ts] (D:\__Work\__Others\Acronym\node_modules\ts-node\src\index.ts:1621:12)
2022-09-15 12:14:28 error: uncaughtException: listen EADDRINUSE: address already in use :::3000
Error: listen EADDRINUSE: address already in use :::3000
    at Server.setupListenHandle [as _listen2] (net.js:1318:16)
    at listenInCluster (net.js:1366:12)
    at Server.listen (net.js:1452:7)
    at Function.listen (D:\__Work\__Others\Acronym\node_modules\express\lib\application.js:635:24)
    at App.listen (D:\__Work\__Others\Acronym\src\app.ts:73:14)
    at Object.<anonymous> (D:\__Work\__Others\Acronym\src\server.ts:9:5)
    at Module._compile (internal/modules/cjs/loader.js:1063:30)
    at Module.m._compile (D:\__Work\__Others\Acronym\node_modules\ts-node\src\index.ts:1618:23)
    at Module._extensions..js (internal/modules/cjs/loader.js:1092:10)
    at Object.require.extensions.<computed> [as .ts] (D:\__Work\__Others\Acronym\node_modules\ts-node\src\index.ts:1621:12)
2022-09-15 12:14:35 error: uncaughtException: listen EADDRINUSE: address already in use :::3000
Error: listen EADDRINUSE: address already in use :::3000
    at Server.setupListenHandle [as _listen2] (net.js:1318:16)
    at listenInCluster (net.js:1366:12)
    at Server.listen (net.js:1452:7)
    at Function.listen (D:\__Work\__Others\Acronym\node_modules\express\lib\application.js:635:24)
    at App.listen (D:\__Work\__Others\Acronym\src\app.ts:73:14)
    at Object.<anonymous> (D:\__Work\__Others\Acronym\src\server.ts:9:5)
    at Module._compile (internal/modules/cjs/loader.js:1063:30)
    at Module.m._compile (D:\__Work\__Others\Acronym\node_modules\ts-node\src\index.ts:1618:23)
    at Module._extensions..js (internal/modules/cjs/loader.js:1092:10)
    at Object.require.extensions.<computed> [as .ts] (D:\__Work\__Others\Acronym\node_modules\ts-node\src\index.ts:1621:12)
2022-09-15 12:15:23 error: uncaughtException: listen EADDRINUSE: address already in use :::3000
Error: listen EADDRINUSE: address already in use :::3000
    at Server.setupListenHandle [as _listen2] (net.js:1318:16)
    at listenInCluster (net.js:1366:12)
    at Server.listen (net.js:1452:7)
    at Function.listen (D:\__Work\__Others\Acronym\node_modules\express\lib\application.js:635:24)
    at App.listen (D:\__Work\__Others\Acronym\src\app.ts:73:14)
    at Object.<anonymous> (D:\__Work\__Others\Acronym\src\server.ts:9:5)
    at Module._compile (internal/modules/cjs/loader.js:1063:30)
    at Module.m._compile (D:\__Work\__Others\Acronym\node_modules\ts-node\src\index.ts:1618:23)
    at Module._extensions..js (internal/modules/cjs/loader.js:1092:10)
    at Object.require.extensions.<computed> [as .ts] (D:\__Work\__Others\Acronym\node_modules\ts-node\src\index.ts:1621:12)
2022-09-15 12:15:46 error: uncaughtException: listen EADDRINUSE: address already in use :::3000
Error: listen EADDRINUSE: address already in use :::3000
    at Server.setupListenHandle [as _listen2] (net.js:1318:16)
    at listenInCluster (net.js:1366:12)
    at Server.listen (net.js:1452:7)
    at Function.listen (D:\__Work\__Others\Acronym\node_modules\express\lib\application.js:635:24)
    at App.listen (D:\__Work\__Others\Acronym\src\app.ts:73:14)
    at Object.<anonymous> (D:\__Work\__Others\Acronym\src\server.ts:9:5)
    at Module._compile (internal/modules/cjs/loader.js:1063:30)
    at Module.m._compile (D:\__Work\__Others\Acronym\node_modules\ts-node\src\index.ts:1618:23)
    at Module._extensions..js (internal/modules/cjs/loader.js:1092:10)
    at Object.require.extensions.<computed> [as .ts] (D:\__Work\__Others\Acronym\node_modules\ts-node\src\index.ts:1621:12)
2022-09-15 12:15:52 error: uncaughtException: listen EADDRINUSE: address already in use :::3000
Error: listen EADDRINUSE: address already in use :::3000
    at Server.setupListenHandle [as _listen2] (net.js:1318:16)
    at listenInCluster (net.js:1366:12)
    at Server.listen (net.js:1452:7)
    at Function.listen (D:\__Work\__Others\Acronym\node_modules\express\lib\application.js:635:24)
    at App.listen (D:\__Work\__Others\Acronym\src\app.ts:73:14)
    at Object.<anonymous> (D:\__Work\__Others\Acronym\src\server.ts:9:5)
    at Module._compile (internal/modules/cjs/loader.js:1063:30)
    at Module.m._compile (D:\__Work\__Others\Acronym\node_modules\ts-node\src\index.ts:1618:23)
    at Module._extensions..js (internal/modules/cjs/loader.js:1092:10)
    at Object.require.extensions.<computed> [as .ts] (D:\__Work\__Others\Acronym\node_modules\ts-node\src\index.ts:1621:12)
2022-09-15 12:16:02 error: uncaughtException: listen EADDRINUSE: address already in use :::3000
Error: listen EADDRINUSE: address already in use :::3000
    at Server.setupListenHandle [as _listen2] (net.js:1318:16)
    at listenInCluster (net.js:1366:12)
    at Server.listen (net.js:1452:7)
    at Function.listen (D:\__Work\__Others\Acronym\node_modules\express\lib\application.js:635:24)
    at App.listen (D:\__Work\__Others\Acronym\src\app.ts:73:14)
    at Object.<anonymous> (D:\__Work\__Others\Acronym\src\server.ts:9:5)
    at Module._compile (internal/modules/cjs/loader.js:1063:30)
    at Module.m._compile (D:\__Work\__Others\Acronym\node_modules\ts-node\src\index.ts:1618:23)
    at Module._extensions..js (internal/modules/cjs/loader.js:1092:10)
    at Object.require.extensions.<computed> [as .ts] (D:\__Work\__Others\Acronym\node_modules\ts-node\src\index.ts:1621:12)
2022-09-15 12:16:04 error: uncaughtException: morgan is not defined
ReferenceError: morgan is not defined
    at App.initializeMiddlewares (D:\__Work\__Others\Acronym\src\app.ts:97:14)
    at new App (D:\__Work\__Others\Acronym\src\app.ts:52:10)
    at Object.<anonymous> (D:\__Work\__Others\Acronym\src\server.ts:7:13)
    at Module._compile (internal/modules/cjs/loader.js:1063:30)
    at Module.m._compile (D:\__Work\__Others\Acronym\node_modules\ts-node\src\index.ts:1618:23)
    at Module._extensions..js (internal/modules/cjs/loader.js:1092:10)
    at Object.require.extensions.<computed> [as .ts] (D:\__Work\__Others\Acronym\node_modules\ts-node\src\index.ts:1621:12)
    at Module.load (internal/modules/cjs/loader.js:928:32)
    at Function.Module._load (internal/modules/cjs/loader.js:769:14)
    at Function.executeUserEntryPoint [as runMain] (internal/modules/run_main.js:72:12)
2022-09-15 12:16:17 error: uncaughtException: LOG_FORMAT is not defined
ReferenceError: LOG_FORMAT is not defined
    at App.initializeMiddlewares (D:\__Work\__Others\Acronym\src\app.ts:97:25)
    at new App (D:\__Work\__Others\Acronym\src\app.ts:52:10)
    at Object.<anonymous> (D:\__Work\__Others\Acronym\src\server.ts:7:13)
    at Module._compile (internal/modules/cjs/loader.js:1063:30)
    at Module.m._compile (D:\__Work\__Others\Acronym\node_modules\ts-node\src\index.ts:1618:23)
    at Module._extensions..js (internal/modules/cjs/loader.js:1092:10)
    at Object.require.extensions.<computed> [as .ts] (D:\__Work\__Others\Acronym\node_modules\ts-node\src\index.ts:1621:12)
    at Module.load (internal/modules/cjs/loader.js:928:32)
    at Function.Module._load (internal/modules/cjs/loader.js:769:14)
    at Function.executeUserEntryPoint [as runMain] (internal/modules/run_main.js:72:12)
2022-09-15 12:17:20 error: uncaughtException: listen EADDRINUSE: address already in use :::3000
Error: listen EADDRINUSE: address already in use :::3000
    at Server.setupListenHandle [as _listen2] (net.js:1318:16)
    at listenInCluster (net.js:1366:12)
    at Server.listen (net.js:1452:7)
    at Function.listen (D:\__Work\__Others\Acronym\node_modules\express\lib\application.js:635:24)
    at App.listen (D:\__Work\__Others\Acronym\src\app.ts:73:14)
    at Object.<anonymous> (D:\__Work\__Others\Acronym\src\server.ts:9:5)
    at Module._compile (internal/modules/cjs/loader.js:1063:30)
    at Module.m._compile (D:\__Work\__Others\Acronym\node_modules\ts-node\src\index.ts:1618:23)
    at Module._extensions..js (internal/modules/cjs/loader.js:1092:10)
    at Object.require.extensions.<computed> [as .ts] (D:\__Work\__Others\Acronym\node_modules\ts-node\src\index.ts:1621:12)
2022-09-15 12:17:29 error: uncaughtException: listen EADDRINUSE: address already in use :::3000
Error: listen EADDRINUSE: address already in use :::3000
    at Server.setupListenHandle [as _listen2] (net.js:1318:16)
    at listenInCluster (net.js:1366:12)
    at Server.listen (net.js:1452:7)
    at Function.listen (D:\__Work\__Others\Acronym\node_modules\express\lib\application.js:635:24)
    at App.listen (D:\__Work\__Others\Acronym\src\app.ts:73:14)
    at Object.<anonymous> (D:\__Work\__Others\Acronym\src\server.ts:9:5)
    at Module._compile (internal/modules/cjs/loader.js:1063:30)
    at Module.m._compile (D:\__Work\__Others\Acronym\node_modules\ts-node\src\index.ts:1618:23)
    at Module._extensions..js (internal/modules/cjs/loader.js:1092:10)
    at Object.require.extensions.<computed> [as .ts] (D:\__Work\__Others\Acronym\node_modules\ts-node\src\index.ts:1621:12)
2022-09-15 12:17:43 error: uncaughtException: listen EADDRINUSE: address already in use :::3000
Error: listen EADDRINUSE: address already in use :::3000
    at Server.setupListenHandle [as _listen2] (net.js:1318:16)
    at listenInCluster (net.js:1366:12)
    at Server.listen (net.js:1452:7)
    at Function.listen (D:\__Work\__Others\Acronym\node_modules\express\lib\application.js:635:24)
    at App.listen (D:\__Work\__Others\Acronym\src\app.ts:73:14)
    at Object.<anonymous> (D:\__Work\__Others\Acronym\src\server.ts:9:5)
    at Module._compile (internal/modules/cjs/loader.js:1063:30)
    at Module.m._compile (D:\__Work\__Others\Acronym\node_modules\ts-node\src\index.ts:1618:23)
    at Module._extensions..js (internal/modules/cjs/loader.js:1092:10)
    at Object.require.extensions.<computed> [as .ts] (D:\__Work\__Others\Acronym\node_modules\ts-node\src\index.ts:1621:12)
2022-09-15 12:17:57 error: uncaughtException: listen EADDRINUSE: address already in use :::3000
Error: listen EADDRINUSE: address already in use :::3000
    at Server.setupListenHandle [as _listen2] (net.js:1318:16)
    at listenInCluster (net.js:1366:12)
    at Server.listen (net.js:1452:7)
    at Function.listen (D:\__Work\__Others\Acronym\node_modules\express\lib\application.js:635:24)
    at App.listen (D:\__Work\__Others\Acronym\src\app.ts:73:14)
    at Object.<anonymous> (D:\__Work\__Others\Acronym\src\server.ts:9:5)
    at Module._compile (internal/modules/cjs/loader.js:1063:30)
    at Module.m._compile (D:\__Work\__Others\Acronym\node_modules\ts-node\src\index.ts:1618:23)
    at Module._extensions..js (internal/modules/cjs/loader.js:1092:10)
    at Object.require.extensions.<computed> [as .ts] (D:\__Work\__Others\Acronym\node_modules\ts-node\src\index.ts:1621:12)
2022-09-15 12:18:23 error: uncaughtException: listen EADDRINUSE: address already in use :::3000
Error: listen EADDRINUSE: address already in use :::3000
    at Server.setupListenHandle [as _listen2] (net.js:1318:16)
    at listenInCluster (net.js:1366:12)
    at Server.listen (net.js:1452:7)
    at Function.listen (D:\__Work\__Others\Acronym\node_modules\express\lib\application.js:635:24)
    at App.listen (D:\__Work\__Others\Acronym\src\app.ts:73:14)
    at Object.<anonymous> (D:\__Work\__Others\Acronym\src\server.ts:9:5)
    at Module._compile (internal/modules/cjs/loader.js:1063:30)
    at Module.m._compile (D:\__Work\__Others\Acronym\node_modules\ts-node\src\index.ts:1618:23)
    at Module._extensions..js (internal/modules/cjs/loader.js:1092:10)
    at Object.require.extensions.<computed> [as .ts] (D:\__Work\__Others\Acronym\node_modules\ts-node\src\index.ts:1621:12)
2022-09-15 12:18:53 error: uncaughtException: listen EADDRINUSE: address already in use :::3000
Error: listen EADDRINUSE: address already in use :::3000
    at Server.setupListenHandle [as _listen2] (net.js:1318:16)
    at listenInCluster (net.js:1366:12)
    at Server.listen (net.js:1452:7)
    at Function.listen (D:\__Work\__Others\Acronym\node_modules\express\lib\application.js:635:24)
    at App.listen (D:\__Work\__Others\Acronym\src\app.ts:73:14)
    at Object.<anonymous> (D:\__Work\__Others\Acronym\src\server.ts:9:5)
    at Module._compile (internal/modules/cjs/loader.js:1063:30)
    at Module.m._compile (D:\__Work\__Others\Acronym\node_modules\ts-node\src\index.ts:1618:23)
    at Module._extensions..js (internal/modules/cjs/loader.js:1092:10)
    at Object.require.extensions.<computed> [as .ts] (D:\__Work\__Others\Acronym\node_modules\ts-node\src\index.ts:1621:12)
2022-09-15 12:19:11 error: uncaughtException: listen EADDRINUSE: address already in use :::3000
Error: listen EADDRINUSE: address already in use :::3000
    at Server.setupListenHandle [as _listen2] (net.js:1318:16)
    at listenInCluster (net.js:1366:12)
    at Server.listen (net.js:1452:7)
    at Function.listen (D:\__Work\__Others\Acronym\node_modules\express\lib\application.js:635:24)
    at App.listen (D:\__Work\__Others\Acronym\src\app.ts:73:14)
    at Object.<anonymous> (D:\__Work\__Others\Acronym\src\server.ts:9:5)
    at Module._compile (internal/modules/cjs/loader.js:1063:30)
    at Module.m._compile (D:\__Work\__Others\Acronym\node_modules\ts-node\src\index.ts:1618:23)
    at Module._extensions..js (internal/modules/cjs/loader.js:1092:10)
    at Object.require.extensions.<computed> [as .ts] (D:\__Work\__Others\Acronym\node_modules\ts-node\src\index.ts:1621:12)
2022-09-15 12:19:23 error: uncaughtException: listen EADDRINUSE: address already in use :::3000
Error: listen EADDRINUSE: address already in use :::3000
    at Server.setupListenHandle [as _listen2] (net.js:1318:16)
    at listenInCluster (net.js:1366:12)
    at Server.listen (net.js:1452:7)
    at Function.listen (D:\__Work\__Others\Acronym\node_modules\express\lib\application.js:635:24)
    at App.listen (D:\__Work\__Others\Acronym\src\app.ts:73:14)
    at Object.<anonymous> (D:\__Work\__Others\Acronym\src\server.ts:9:5)
    at Module._compile (internal/modules/cjs/loader.js:1063:30)
    at Module.m._compile (D:\__Work\__Others\Acronym\node_modules\ts-node\src\index.ts:1618:23)
    at Module._extensions..js (internal/modules/cjs/loader.js:1092:10)
    at Object.require.extensions.<computed> [as .ts] (D:\__Work\__Others\Acronym\node_modules\ts-node\src\index.ts:1621:12)
2022-09-15 12:19:33 error: uncaughtException: listen EADDRINUSE: address already in use :::3000
Error: listen EADDRINUSE: address already in use :::3000
    at Server.setupListenHandle [as _listen2] (net.js:1318:16)
    at listenInCluster (net.js:1366:12)
    at Server.listen (net.js:1452:7)
    at Function.listen (D:\__Work\__Others\Acronym\node_modules\express\lib\application.js:635:24)
    at App.listen (D:\__Work\__Others\Acronym\src\app.ts:73:14)
    at Object.<anonymous> (D:\__Work\__Others\Acronym\src\server.ts:9:5)
    at Module._compile (internal/modules/cjs/loader.js:1063:30)
    at Module.m._compile (D:\__Work\__Others\Acronym\node_modules\ts-node\src\index.ts:1618:23)
    at Module._extensions..js (internal/modules/cjs/loader.js:1092:10)
    at Object.require.extensions.<computed> [as .ts] (D:\__Work\__Others\Acronym\node_modules\ts-node\src\index.ts:1621:12)
2022-09-15 12:19:47 error: uncaughtException: listen EADDRINUSE: address already in use :::3000
Error: listen EADDRINUSE: address already in use :::3000
    at Server.setupListenHandle [as _listen2] (net.js:1318:16)
    at listenInCluster (net.js:1366:12)
    at Server.listen (net.js:1452:7)
    at Function.listen (D:\__Work\__Others\Acronym\node_modules\express\lib\application.js:635:24)
    at App.listen (D:\__Work\__Others\Acronym\src\app.ts:73:14)
    at Object.<anonymous> (D:\__Work\__Others\Acronym\src\server.ts:9:5)
    at Module._compile (internal/modules/cjs/loader.js:1063:30)
    at Module.m._compile (D:\__Work\__Others\Acronym\node_modules\ts-node\src\index.ts:1618:23)
    at Module._extensions..js (internal/modules/cjs/loader.js:1092:10)
    at Object.require.extensions.<computed> [as .ts] (D:\__Work\__Others\Acronym\node_modules\ts-node\src\index.ts:1621:12)
2022-09-15 22:13:15 error: uncaughtException: Cannot find module '@databases'
Require stack:
- D:\__Work\__Others\Acronym\dist\app.js
- D:\__Work\__Others\Acronym\dist\server.js
Error: Cannot find module '@databases'
Require stack:
- D:\__Work\__Others\Acronym\dist\app.js
- D:\__Work\__Others\Acronym\dist\server.js
    at Function.Module._resolveFilename (internal/modules/cjs/loader.js:880:15)
    at Function.Module._load (internal/modules/cjs/loader.js:725:27)
    at Module.require (internal/modules/cjs/loader.js:952:19)
    at require (internal/modules/cjs/helpers.js:88:18)
    at Object.<anonymous> (D:\__Work\__Others\Acronym\dist\app.js:17:20)
    at Module._compile (internal/modules/cjs/loader.js:1063:30)
    at Object.Module._extensions..js (internal/modules/cjs/loader.js:1092:10)
    at Module.load (internal/modules/cjs/loader.js:928:32)
    at Function.Module._load (internal/modules/cjs/loader.js:769:14)
    at Module.require (internal/modules/cjs/loader.js:952:19)
